<<<<<<< HEAD
<?xml version="1.0" encoding="UTF-8"?>
<testsuite name="com.example.gestion._Proyecto.GestionProyectoApplicationTests" tests="1" skipped="0" failures="0" errors="0" timestamp="2023-09-21T23:23:52" hostname="CAMILO" time="0.736">
  <properties/>
  <testcase name="contextLoads()" classname="com.example.gestion._Proyecto.GestionProyectoApplicationTests" time="0.736"/>
  <system-out><![CDATA[18:23:44.973 [Test worker] INFO org.springframework.test.context.support.AnnotationConfigContextLoaderUtils -- Could not detect default configuration classes for test class [com.example.gestion._Proyecto.GestionProyectoApplicationTests]: GestionProyectoApplicationTests does not declare any static, non-private, non-final, nested classes annotated with @Configuration.
18:23:45.082 [Test worker] INFO org.springframework.boot.test.context.SpringBootTestContextBootstrapper -- Found @SpringBootConfiguration com.example.gestion._Proyecto.GestionProyectoApplication for test class com.example.gestion._Proyecto.GestionProyectoApplicationTests

  .   ____          _            __ _ _
 /\\ / ___'_ __ _ _(_)_ __  __ _ \ \ \ \
( ( )\___ | '_ | '_| | '_ \/ _` | \ \ \ \
 \\/  ___)| |_)| | | | | || (_| |  ) ) ) )
  '  |____| .__|_| |_|_| |_\__, | / / / /
 =========|_|==============|___/=/_/_/_/
 :: Spring Boot ::                (v3.1.3)

2023-09-21T18:23:45.621-05:00  INFO 11872 --- [    Test worker] c.e.g._.GestionProyectoApplicationTests  : Starting GestionProyectoApplicationTests using Java 17.0.8 with PID 11872 (started by camil in D:\colaborativo-master\GestionProyectos\frontend\gestion_Proyecto_back)
2023-09-21T18:23:45.622-05:00  INFO 11872 --- [    Test worker] c.e.g._.GestionProyectoApplicationTests  : No active profile set, falling back to 1 default profile: "default"
2023-09-21T18:23:46.398-05:00  INFO 11872 --- [    Test worker] .s.d.r.c.RepositoryConfigurationDelegate : Bootstrapping Spring Data JPA repositories in DEFAULT mode.
2023-09-21T18:23:46.437-05:00  INFO 11872 --- [    Test worker] .s.d.r.c.RepositoryConfigurationDelegate : Finished Spring Data repository scanning in 16 ms. Found 0 JPA repository interfaces.
2023-09-21T18:23:46.929-05:00  INFO 11872 --- [    Test worker] com.zaxxer.hikari.HikariDataSource       : HikariPool-1 - Starting...
2023-09-21T18:23:50.799-05:00  INFO 11872 --- [    Test worker] com.zaxxer.hikari.pool.HikariPool        : HikariPool-1 - Added connection com.mysql.cj.jdbc.ConnectionImpl@fb5aeed
2023-09-21T18:23:50.801-05:00  INFO 11872 --- [    Test worker] com.zaxxer.hikari.HikariDataSource       : HikariPool-1 - Start completed.
2023-09-21T18:23:50.849-05:00  INFO 11872 --- [    Test worker] o.hibernate.jpa.internal.util.LogHelper  : HHH000204: Processing PersistenceUnitInfo [name: default]
2023-09-21T18:23:50.937-05:00  INFO 11872 --- [    Test worker] org.hibernate.Version                    : HHH000412: Hibernate ORM core version 6.2.7.Final
2023-09-21T18:23:50.940-05:00  INFO 11872 --- [    Test worker] org.hibernate.cfg.Environment            : HHH000406: Using bytecode reflection optimizer
2023-09-21T18:23:51.128-05:00  INFO 11872 --- [    Test worker] o.h.b.i.BytecodeProviderInitiator        : HHH000021: Bytecode provider name : bytebuddy
2023-09-21T18:23:51.307-05:00  INFO 11872 --- [    Test worker] o.s.o.j.p.SpringPersistenceUnitInfo      : No LoadTimeWeaver setup: ignoring JPA class transformer
2023-09-21T18:23:51.757-05:00  WARN 11872 --- [    Test worker] org.hibernate.orm.deprecation            : HHH90000026: MySQL8Dialect has been deprecated; use org.hibernate.dialect.MySQLDialect instead
2023-09-21T18:23:51.864-05:00  INFO 11872 --- [    Test worker] o.h.b.i.BytecodeProviderInitiator        : HHH000021: Bytecode provider name : bytebuddy
2023-09-21T18:23:52.118-05:00  INFO 11872 --- [    Test worker] o.h.e.t.j.p.i.JtaPlatformInitiator       : HHH000490: Using JtaPlatform implementation: [org.hibernate.engine.transaction.jta.platform.internal.NoJtaPlatform]
2023-09-21T18:23:52.125-05:00  INFO 11872 --- [    Test worker] j.LocalContainerEntityManagerFactoryBean : Initialized JPA EntityManagerFactory for persistence unit 'default'
2023-09-21T18:23:52.291-05:00  WARN 11872 --- [    Test worker] JpaBaseConfiguration$JpaWebConfiguration : spring.jpa.open-in-view is enabled by default. Therefore, database queries may be performed during view rendering. Explicitly configure spring.jpa.open-in-view to disable this warning
2023-09-21T18:23:52.827-05:00  INFO 11872 --- [    Test worker] c.e.g._.GestionProyectoApplicationTests  : Started GestionProyectoApplicationTests in 7.486 seconds (process running for 9.057)
]]></system-out>
  <system-err><![CDATA[]]></system-err>
</testsuite>
=======
<?xml version="1.0" encoding="UTF-8"?>
<testsuite name="com.example.gestion._Proyecto.GestionProyectoApplicationTests" tests="1" skipped="0" failures="0" errors="0" timestamp="2023-09-13T07:34:59" hostname="CAMILO" time="0.957">
  <properties/>
  <testcase name="contextLoads()" classname="com.example.gestion._Proyecto.GestionProyectoApplicationTests" time="0.957"/>
  <system-out><![CDATA[02:34:52.543 [Test worker] INFO org.springframework.test.context.support.AnnotationConfigContextLoaderUtils -- Could not detect default configuration classes for test class [com.example.gestion._Proyecto.GestionProyectoApplicationTests]: GestionProyectoApplicationTests does not declare any static, non-private, non-final, nested classes annotated with @Configuration.
02:34:52.762 [Test worker] INFO org.springframework.boot.test.context.SpringBootTestContextBootstrapper -- Found @SpringBootConfiguration com.example.gestion._Proyecto.GestionProyectoApplication for test class com.example.gestion._Proyecto.GestionProyectoApplicationTests

  .   ____          _            __ _ _
 /\\ / ___'_ __ _ _(_)_ __  __ _ \ \ \ \
( ( )\___ | '_ | '_| | '_ \/ _` | \ \ \ \
 \\/  ___)| |_)| | | | | || (_| |  ) ) ) )
  '  |____| .__|_| |_|_| |_\__, | / / / /
 =========|_|==============|___/=/_/_/_/
 :: Spring Boot ::                (v3.1.3)

2023-09-13T02:34:53.594-05:00  INFO 3492 --- [    Test worker] c.e.g._.GestionProyectoApplicationTests  : Starting GestionProyectoApplicationTests using Java 17.0.8 with PID 3492 (started by camil in D:\Descarga\gestion _Proyecto\gestion_Proyecto)
2023-09-13T02:34:53.595-05:00  INFO 3492 --- [    Test worker] c.e.g._.GestionProyectoApplicationTests  : No active profile set, falling back to 1 default profile: "default"
2023-09-13T02:34:54.986-05:00  INFO 3492 --- [    Test worker] .s.d.r.c.RepositoryConfigurationDelegate : Bootstrapping Spring Data JPA repositories in DEFAULT mode.
2023-09-13T02:34:55.031-05:00  INFO 3492 --- [    Test worker] .s.d.r.c.RepositoryConfigurationDelegate : Finished Spring Data repository scanning in 17 ms. Found 0 JPA repository interfaces.
2023-09-13T02:34:55.623-05:00  INFO 3492 --- [    Test worker] com.zaxxer.hikari.HikariDataSource       : HikariPool-1 - Starting...
2023-09-13T02:34:55.924-05:00  INFO 3492 --- [    Test worker] com.zaxxer.hikari.pool.HikariPool        : HikariPool-1 - Added connection com.mysql.cj.jdbc.ConnectionImpl@58833798
2023-09-13T02:34:55.932-05:00  INFO 3492 --- [    Test worker] com.zaxxer.hikari.HikariDataSource       : HikariPool-1 - Start completed.
2023-09-13T02:34:56.004-05:00  INFO 3492 --- [    Test worker] o.hibernate.jpa.internal.util.LogHelper  : HHH000204: Processing PersistenceUnitInfo [name: default]
2023-09-13T02:34:56.084-05:00  INFO 3492 --- [    Test worker] org.hibernate.Version                    : HHH000412: Hibernate ORM core version 6.2.7.Final
2023-09-13T02:34:56.088-05:00  INFO 3492 --- [    Test worker] org.hibernate.cfg.Environment            : HHH000406: Using bytecode reflection optimizer
2023-09-13T02:34:56.386-05:00  INFO 3492 --- [    Test worker] o.h.b.i.BytecodeProviderInitiator        : HHH000021: Bytecode provider name : bytebuddy
2023-09-13T02:34:56.875-05:00  INFO 3492 --- [    Test worker] o.s.o.j.p.SpringPersistenceUnitInfo      : No LoadTimeWeaver setup: ignoring JPA class transformer
2023-09-13T02:34:56.996-05:00  WARN 3492 --- [    Test worker] org.hibernate.orm.deprecation            : HHH90000026: MySQL8Dialect has been deprecated; use org.hibernate.dialect.MySQLDialect instead
2023-09-13T02:34:57.496-05:00  INFO 3492 --- [    Test worker] o.h.b.i.BytecodeProviderInitiator        : HHH000021: Bytecode provider name : bytebuddy
2023-09-13T02:34:58.120-05:00  INFO 3492 --- [    Test worker] o.h.e.t.j.p.i.JtaPlatformInitiator       : HHH000490: Using JtaPlatform implementation: [org.hibernate.engine.transaction.jta.platform.internal.NoJtaPlatform]
2023-09-13T02:34:58.128-05:00  INFO 3492 --- [    Test worker] j.LocalContainerEntityManagerFactoryBean : Initialized JPA EntityManagerFactory for persistence unit 'default'
2023-09-13T02:34:58.323-05:00  WARN 3492 --- [    Test worker] JpaBaseConfiguration$JpaWebConfiguration : spring.jpa.open-in-view is enabled by default. Therefore, database queries may be performed during view rendering. Explicitly configure spring.jpa.open-in-view to disable this warning
2023-09-13T02:34:59.129-05:00  INFO 3492 --- [    Test worker] c.e.g._.GestionProyectoApplicationTests  : Started GestionProyectoApplicationTests in 5.981 seconds (process running for 7.79)
]]></system-out>
  <system-err><![CDATA[]]></system-err>
</testsuite>
>>>>>>> bf3215978af7449e7f897db95ed7178fab113fae
